22:44:32 **** Build of configuration Default for project hello_world ****
mingw32-make.exe -f C:/Users/millers/Desktop/Espressif/examples/hello_world/Makefile flash 
C:\Users\millers\Desktop\Espressif\utils\esptool.exe -p COM3 write_flash 0x00000 firmware/0x00000.bin 0x40000 firmware/0x40000.bin
Entering bootloader...
Connecting...
Erasing flash...

Writing at 0x00000000... (0 %) 
Writing at 0x00000100... (1 %) 
Writing at 0x00000200... (2 %) 
Writing at 0x00000300... (3 %) 
Writing at 0x00000400... (4 %) 
Writing at 0x00000500... (4 %) 
Writing at 0x00000600... (5 %) 
Writing at 0x00000700... (6 %) 
Writing at 0x00000800... (7 %) 
Writing at 0x00000900... (8 %) 
Writing at 0x00000a00... (9 %) 
Writing at 0x00000b00... (9 %) 
Writing at 0x00000c00... (10 %) 
Writing at 0x00000d00... (11 %) 
Writing at 0x00000e00... (12 %) 
Writing at 0x00000f00... (13 %) 
Writing at 0x00001000... (14 %) 
Writing at 0x00001100... (14 %) 
Writing at 0x00001200... (15 %) 
Writing at 0x00001300... (16 %) 
Writing at 0x00001400... (17 %) 
Writing at 0x00001500... (18 %) 
Writing at 0x00001600... (19 %) 
Writing at 0x00001700... (19 %) 
Writing at 0x00001800... (20 %) 
Writing at 0x00001900... (21 %) 
Writing at 0x00001a00... (22 %) 
Writing at 0x00001b00... (23 %) 
Writing at 0x00001c00... (23 %) 
Writing at 0x00001d00... (24 %) 
Writing at 0x00001e00... (25 %) 
Writing at 0x00001f00... (26 %) 
Writing at 0x00002000... (27 %) 
Writing at 0x00002100... (28 %) 
Writing at 0x00002200... (28 %) 
Writing at 0x00002300... (29 %) 
Writing at 0x00002400... (30 %) 
Writing at 0x00002500... (31 %) 
Writing at 0x00002600... (32 %) 
Writing at 0x00002700... (33 %) 
Writing at 0x00002800... (33 %) 
Writing at 0x00002900... (34 %) 
Writing at 0x00002a00... (35 %) 
Writing at 0x00002b00... (36 %) 
Writing at 0x00002c00... (37 %) 
Writing at 0x00002d00... (38 %) 
Writing at 0x00002e00... (38 %) 
Writing at 0x00002f00... (39 %) 
Writing at 0x00003000... (40 %) 
Writing at 0x00003100... (41 %) 
Writing at 0x00003200... (42 %) 
Writing at 0x00003300... (42 %) 
Writing at 0x00003400... (43 %) 
Writing at 0x00003500... (44 %) 
Writing at 0x00003600... (45 %) 
Writing at 0x00003700... (46 %) 
Writing at 0x00003800... (47 %) 
Writing at 0x00003900... (47 %) 
Writing at 0x00003a00... (48 %) 
Writing at 0x00003b00... (49 %) 
Writing at 0x00003c00... (50 %) 
Writing at 0x00003d00... (51 %) 
Writing at 0x00003e00... (52 %) 
Writing at 0x00003f00... (52 %) 
Writing at 0x00004000... (53 %) 
Writing at 0x00004100... (54 %) 
Writing at 0x00004200... (55 %) 
Writing at 0x00004300... (56 %) 
Writing at 0x00004400... (57 %) 
Writing at 0x00004500... (57 %) 
Writing at 0x00004600... (58 %) 
Writing at 0x00004700... (59 %) 
Writing at 0x00004800... (60 %) 
Writing at 0x00004900... (61 %) 
Writing at 0x00004a00... (61 %) 
Writing at 0x00004b00... (62 %) 
Writing at 0x00004c00... (63 %) 
Writing at 0x00004d00... (64 %) 
Writing at 0x00004e00... (65 %) 
Writing at 0x00004f00... (66 %) 
Writing at 0x00005000... (66 %) 
Writing at 0x00005100... (67 %) 
Writing at 0x00005200... (68 %) 
Writing at 0x00005300... (69 %) 
Writing at 0x00005400... (70 %) 
Writing at 0x00005500... (71 %) 
Writing at 0x00005600... (71 %) 
Writing at 0x00005700... (72 %) 
Writing at 0x00005800... (73 %) 
Writing at 0x00005900... (74 %) 
Writing at 0x00005a00... (75 %) 
Writing at 0x00005b00... (76 %) 
Writing at 0x00005c00... (76 %) 
Writing at 0x00005d00... (77 %) 
Writing at 0x00005e00... (78 %) 
Writing at 0x00005f00... (79 %) 
Writing at 0x00006000... (80 %) 
Writing at 0x00006100... (80 %) 
Writing at 0x00006200... (81 %) 
Writing at 0x00006300... (82 %) 
Writing at 0x00006400... (83 %) 
Writing at 0x00006500... (84 %) 
Writing at 0x00006600... (85 %) 
Writing at 0x00006700... (85 %) 
Writing at 0x00006800... (86 %) 
Writing at 0x00006900... (87 %) 
Writing at 0x00006a00... (88 %) 
Writing at 0x00006b00... (89 %) 
Writing at 0x00006c00... (90 %) 
Writing at 0x00006d00... (90 %) 
Writing at 0x00006e00... (91 %) 
Writing at 0x00006f00... (92 %) 
Writing at 0x00007000... (93 %) 
Writing at 0x00007100... (94 %) 
Writing at 0x00007200... (95 %) 
Writing at 0x00007300... (95 %) 
Writing at 0x00007400... (96 %) 
Writing at 0x00007500... (97 %) 
Writing at 0x00007600... (98 %) 
Writing at 0x00007700... (99 %) 
Writing at 0x00007800... (100 %)
Erasing flash...

Writing at 0x00040000... (0 %) 
Writing at 0x00040100... (0 %) 
Writing at 0x00040200... (0 %) 
Writing at 0x00040300... (0 %) 
Writing at 0x00040400... (0 %) 
Writing at 0x00040500... (1 %) 
Writing at 0x00040600... (1 %) 
Writing at 0x00040700... (1 %) 
Writing at 0x00040800... (1 %) 
Writing at 0x00040900... (1 %) 
Writing at 0x00040a00... (2 %) 
Writing at 0x00040b00... (2 %) 
Writing at 0x00040c00... (2 %) 
Writing at 0x00040d00... (2 %) 
Writing at 0x00040e00... (2 %) 
Writing at 0x00040f00... (2 %) 
Writing at 0x00041000... (3 %) 
Writing at 0x00041100... (3 %) 
Writing at 0x00041200... (3 %) 
Writing at 0x00041300... (3 %) 
Writing at 0x00041400... (3 %) 
Writing at 0x00041500... (4 %) 
Writing at 0x00041600... (4 %) 
Writing at 0x00041700... (4 %) 
Writing at 0x00041800... (4 %) 
Writing at 0x00041900... (4 %) 
Writing at 0x00041a00... (5 %) 
Writing at 0x00041b00... (5 %) 
Writing at 0x00041c00... (5 %) 
Writing at 0x00041d00... (5 %) 
Writing at 0x00041e00... (5 %) 
Writing at 0x00041f00... (5 %) 
Writing at 0x00042000... (6 %) 
Writing at 0x00042100... (6 %) 
Writing at 0x00042200... (6 %) 
Writing at 0x00042300... (6 %) 
Writing at 0x00042400... (6 %) 
Writing at 0x00042500... (7 %) 
Writing at 0x00042600... (7 %) 
Writing at 0x00042700... (7 %) 
Writing at 0x00042800... (7 %) 
Writing at 0x00042900... (7 %) 
Writing at 0x00042a00... (7 %) 
Writing at 0x00042b00... (8 %) 
Writing at 0x00042c00... (8 %) 
Writing at 0x00042d00... (8 %) 
Writing at 0x00042e00... (8 %) 
Writing at 0x00042f00... (8 %) 
Writing at 0x00043000... (9 %) 
Writing at 0x00043100... (9 %) 
Writing at 0x00043200... (9 %) 
Writing at 0x00043300... (9 %) 
Writing at 0x00043400... (9 %) 
Writing at 0x00043500... (10 %) 
Writing at 0x00043600... (10 %) 
Writing at 0x00043700... (10 %) 
Writing at 0x00043800... (10 %) 
Writing at 0x00043900... (10 %) 
Writing at 0x00043a00... (10 %) 
Writing at 0x00043b00... (11 %) 
Writing at 0x00043c00... (11 %) 
Writing at 0x00043d00... (11 %) 
Writing at 0x00043e00... (11 %) 
Writing at 0x00043f00... (11 %) 
Writing at 0x00044000... (12 %) 
Writing at 0x00044100... (12 %) 
Writing at 0x00044200... (12 %) 
Writing at 0x00044300... (12 %) 
Writing at 0x00044400... (12 %) 
Writing at 0x00044500... (12 %) 
Writing at 0x00044600... (13 %) 
Writing at 0x00044700... (13 %) 
Writing at 0x00044800... (13 %) 
Writing at 0x00044900... (13 %) 
Writing at 0x00044a00... (13 %) 
Writing at 0x00044b00... (14 %) 
Writing at 0x00044c00... (14 %) 
Writing at 0x00044d00... (14 %) 
Writing at 0x00044e00... (14 %) 
Writing at 0x00044f00... (14 %) 
Writing at 0x00045000... (15 %) 
Writing at 0x00045100... (15 %) 
Writing at 0x00045200... (15 %) 
Writing at 0x00045300... (15 %) 
Writing at 0x00045400... (15 %) 
Writing at 0x00045500... (15 %) 
Writing at 0x00045600... (16 %) 
Writing at 0x00045700... (16 %) 
Writing at 0x00045800... (16 %) 
Writing at 0x00045900... (16 %) 
Writing at 0x00045a00... (16 %) 
Writing at 0x00045b00... (17 %) 
Writing at 0x00045c00... (17 %) 
Writing at 0x00045d00... (17 %) 
Writing at 0x00045e00... (17 %) 
Writing at 0x00045f00... (17 %) 
Writing at 0x00046000... (17 %) 
Writing at 0x00046100... (18 %) 
Writing at 0x00046200... (18 %) 
Writing at 0x00046300... (18 %) 
Writing at 0x00046400... (18 %) 
Writing at 0x00046500... (18 %) 
Writing at 0x00046600... (19 %) 
Writing at 0x00046700... (19 %) 
Writing at 0x00046800... (19 %) 
Writing at 0x00046900... (19 %) 
Writing at 0x00046a00... (19 %) 
Writing at 0x00046b00... (20 %) 
Writing at 0x00046c00... (20 %) 
Writing at 0x00046d00... (20 %) 
Writing at 0x00046e00... (20 %) 
Writing at 0x00046f00... (20 %) 
Writing at 0x00047000... (20 %) 
Writing at 0x00047100... (21 %) 
Writing at 0x00047200... (21 %) 
Writing at 0x00047300... (21 %) 
Writing at 0x00047400... (21 %) 
Writing at 0x00047500... (21 %) 
Writing at 0x00047600... (22 %) 
Writing at 0x00047700... (22 %) 
Writing at 0x00047800... (22 %) 
Writing at 0x00047900... (22 %) 
Writing at 0x00047a00... (22 %) 
Writing at 0x00047b00... (23 %) 
Writing at 0x00047c00... (23 %) 
Writing at 0x00047d00... (23 %) 
Writing at 0x00047e00... (23 %) 
Writing at 0x00047f00... (23 %) 
Writing at 0x00048000... (23 %) 
Writing at 0x00048100... (24 %) 
Writing at 0x00048200... (24 %) 
Writing at 0x00048300... (24 %) 
Writing at 0x00048400... (24 %) 
Writing at 0x00048500... (24 %) 
Writing at 0x00048600... (25 %) 
Writing at 0x00048700... (25 %) 
Writing at 0x00048800... (25 %) 
Writing at 0x00048900... (25 %) 
Writing at 0x00048a00... (25 %) 
Writing at 0x00048b00... (25 %) 
Writing at 0x00048c00... (26 %) 
Writing at 0x00048d00... (26 %) 
Writing at 0x00048e00... (26 %) 
Writing at 0x00048f00... (26 %) 
Writing at 0x00049000... (26 %) 
Writing at 0x00049100... (27 %) 
Writing at 0x00049200... (27 %) 
Writing at 0x00049300... (27 %) 
Writing at 0x00049400... (27 %) 
Writing at 0x00049500... (27 %) 
Writing at 0x00049600... (28 %) 
Writing at 0x00049700... (28 %) 
Writing at 0x00049800... (28 %) 
Writing at 0x00049900... (28 %) 
Writing at 0x00049a00... (28 %) 
Writing at 0x00049b00... (28 %) 
Writing at 0x00049c00... (29 %) 
Writing at 0x00049d00... (29 %) 
Writing at 0x00049e00... (29 %) 
Writing at 0x00049f00... (29 %) 
Writing at 0x0004a000... (29 %) 
Writing at 0x0004a100... (30 %) 
Writing at 0x0004a200... (30 %) 
Writing at 0x0004a300... (30 %) 
Writing at 0x0004a400... (30 %) 
Writing at 0x0004a500... (30 %) 
Writing at 0x0004a600... (30 %) 
Writing at 0x0004a700... (31 %) 
Writing at 0x0004a800... (31 %) 
Writing at 0x0004a900... (31 %) 
Writing at 0x0004aa00... (31 %) 
Writing at 0x0004ab00... (31 %) 
Writing at 0x0004ac00... (32 %) 
Writing at 0x0004ad00... (32 %) 
Writing at 0x0004ae00... (32 %) 
Writing at 0x0004af00... (32 %) 
Writing at 0x0004b000... (32 %) 
Writing at 0x0004b100... (33 %) 
Writing at 0x0004b200... (33 %) 
Writing at 0x0004b300... (33 %) 
Writing at 0x0004b400... (33 %) 
Writing at 0x0004b500... (33 %) 
Writing at 0x0004b600... (33 %) 
Writing at 0x0004b700... (34 %) 
Writing at 0x0004b800... (34 %) 
Writing at 0x0004b900... (34 %) 
Writing at 0x0004ba00... (34 %) 
Writing at 0x0004bb00... (34 %) 
Writing at 0x0004bc00... (35 %) 
Writing at 0x0004bd00... (35 %) 
Writing at 0x0004be00... (35 %) 
Writing at 0x0004bf00... (35 %) 
Writing at 0x0004c000... (35 %) 
Writing at 0x0004c100... (35 %) 
Writing at 0x0004c200... (36 %) 
Writing at 0x0004c300... (36 %) 
Writing at 0x0004c400... (36 %) 
Writing at 0x0004c500... (36 %) 
Writing at 0x0004c600... (36 %) 
Writing at 0x0004c700... (37 %) 
Writing at 0x0004c800... (37 %) 
Writing at 0x0004c900... (37 %) 
Writing at 0x0004ca00... (37 %) 
Writing at 0x0004cb00... (37 %) 
Writing at 0x0004cc00... (38 %) 
Writing at 0x0004cd00... (38 %) 
Writing at 0x0004ce00... (38 %) 
Writing at 0x0004cf00... (38 %) 
Writing at 0x0004d000... (38 %) 
Writing at 0x0004d100... (38 %) 
Writing at 0x0004d200... (39 %) 
Writing at 0x0004d300... (39 %) 
Writing at 0x0004d400... (39 %) 
Writing at 0x0004d500... (39 %) 
Writing at 0x0004d600... (39 %) 
Writing at 0x0004d700... (40 %) 
Writing at 0x0004d800... (40 %) 
Writing at 0x0004d900... (40 %) 
Writing at 0x0004da00... (40 %) 
Writing at 0x0004db00... (40 %) 
Writing at 0x0004dc00... (41 %) 
Writing at 0x0004dd00... (41 %) 
Writing at 0x0004de00... (41 %) 
Writing at 0x0004df00... (41 %) 
Writing at 0x0004e000... (41 %) 
Writing at 0x0004e100... (41 %) 
Writing at 0x0004e200... (42 %) 
Writing at 0x0004e300... (42 %) 
Writing at 0x0004e400... (42 %) 
Writing at 0x0004e500... (42 %) 
Writing at 0x0004e600... (42 %) 
Writing at 0x0004e700... (43 %) 
Writing at 0x0004e800... (43 %) 
Writing at 0x0004e900... (43 %) 
Writing at 0x0004ea00... (43 %) 
Writing at 0x0004eb00... (43 %) 
Writing at 0x0004ec00... (43 %) 
Writing at 0x0004ed00... (44 %) 
Writing at 0x0004ee00... (44 %) 
Writing at 0x0004ef00... (44 %) 
Writing at 0x0004f000... (44 %) 
Writing at 0x0004f100... (44 %) 
Writing at 0x0004f200... (45 %) 
Writing at 0x0004f300... (45 %) 
Writing at 0x0004f400... (45 %) 
Writing at 0x0004f500... (45 %) 
Writing at 0x0004f600... (45 %) 
Writing at 0x0004f700... (46 %) 
Writing at 0x0004f800... (46 %) 
Writing at 0x0004f900... (46 %) 
Writing at 0x0004fa00... (46 %) 
Writing at 0x0004fb00... (46 %) 
Writing at 0x0004fc00... (46 %) 
Writing at 0x0004fd00... (47 %) 
Writing at 0x0004fe00... (47 %) 
Writing at 0x0004ff00... (47 %) 
Writing at 0x00050000... (47 %) 
Writing at 0x00050100... (47 %) 
Writing at 0x00050200... (48 %) 
Writing at 0x00050300... (48 %) 
Writing at 0x00050400... (48 %) 
Writing at 0x00050500... (48 %) 
Writing at 0x00050600... (48 %) 
Writing at 0x00050700... (48 %) 
Writing at 0x00050800... (49 %) 
Writing at 0x00050900... (49 %) 
Writing at 0x00050a00... (49 %) 
Writing at 0x00050b00... (49 %) 
Writing at 0x00050c00... (49 %) 
Writing at 0x00050d00... (50 %) 
Writing at 0x00050e00... (50 %) 
Writing at 0x00050f00... (50 %) 
Writing at 0x00051000... (50 %) 
Writing at 0x00051100... (50 %) 
Writing at 0x00051200... (51 %) 
Writing at 0x00051300... (51 %) 
Writing at 0x00051400... (51 %) 
Writing at 0x00051500... (51 %) 
Writing at 0x00051600... (51 %) 
Writing at 0x00051700... (51 %) 
Writing at 0x00051800... (52 %) 
Writing at 0x00051900... (52 %) 
Writing at 0x00051a00... (52 %) 
Writing at 0x00051b00... (52 %) 
Writing at 0x00051c00... (52 %) 
Writing at 0x00051d00... (53 %) 
Writing at 0x00051e00... (53 %) 
Writing at 0x00051f00... (53 %) 
Writing at 0x00052000... (53 %) 
Writing at 0x00052100... (53 %) 
Writing at 0x00052200... (53 %) 
Writing at 0x00052300... (54 %) 
Writing at 0x00052400... (54 %) 
Writing at 0x00052500... (54 %) 
Writing at 0x00052600... (54 %) 
Writing at 0x00052700... (54 %) 
Writing at 0x00052800... (55 %) 
Writing at 0x00052900... (55 %) 
Writing at 0x00052a00... (55 %) 
Writing at 0x00052b00... (55 %) 
Writing at 0x00052c00... (55 %) 
Writing at 0x00052d00... (56 %) 
Writing at 0x00052e00... (56 %) 
Writing at 0x00052f00... (56 %) 
Writing at 0x00053000... (56 %) 
Writing at 0x00053100... (56 %) 
Writing at 0x00053200... (56 %) 
Writing at 0x00053300... (57 %) 
Writing at 0x00053400... (57 %) 
Writing at 0x00053500... (57 %) 
Writing at 0x00053600... (57 %) 
Writing at 0x00053700... (57 %) 
Writing at 0x00053800... (58 %) 
Writing at 0x00053900... (58 %) 
Writing at 0x00053a00... (58 %) 
Writing at 0x00053b00... (58 %) 
Writing at 0x00053c00... (58 %) 
Writing at 0x00053d00... (58 %) 
Writing at 0x00053e00... (59 %) 
Writing at 0x00053f00... (59 %) 
Writing at 0x00054000... (59 %) 
Writing at 0x00054100... (59 %) 
Writing at 0x00054200... (59 %) 
Writing at 0x00054300... (60 %) 
Writing at 0x00054400... (60 %) 
Writing at 0x00054500... (60 %) 
Writing at 0x00054600... (60 %) 
Writing at 0x00054700... (60 %) 
Writing at 0x00054800... (61 %) 
Writing at 0x00054900... (61 %) 
Writing at 0x00054a00... (61 %) 
Writing at 0x00054b00... (61 %) 
Writing at 0x00054c00... (61 %) 
Writing at 0x00054d00... (61 %) 
Writing at 0x00054e00... (62 %) 
Writing at 0x00054f00... (62 %) 
Writing at 0x00055000... (62 %) 
Writing at 0x00055100... (62 %) 
Writing at 0x00055200... (62 %) 
Writing at 0x00055300... (63 %) 
Writing at 0x00055400... (63 %) 
Writing at 0x00055500... (63 %) 
Writing at 0x00055600... (63 %) 
Writing at 0x00055700... (63 %) 
Writing at 0x00055800... (64 %) 
Writing at 0x00055900... (64 %) 
Writing at 0x00055a00... (64 %) 
Writing at 0x00055b00... (64 %) 
Writing at 0x00055c00... (64 %) 
Writing at 0x00055d00... (64 %) 
Writing at 0x00055e00... (65 %) 
Writing at 0x00055f00... (65 %) 
Writing at 0x00056000... (65 %) 
Writing at 0x00056100... (65 %) 
Writing at 0x00056200... (65 %) 
Writing at 0x00056300... (66 %) 
Writing at 0x00056400... (66 %) 
Writing at 0x00056500... (66 %) 
Writing at 0x00056600... (66 %) 
Writing at 0x00056700... (66 %) 
Writing at 0x00056800... (66 %) 
Writing at 0x00056900... (67 %) 
Writing at 0x00056a00... (67 %) 
Writing at 0x00056b00... (67 %) 
Writing at 0x00056c00... (67 %) 
Writing at 0x00056d00... (67 %) 
Writing at 0x00056e00... (68 %) 
Writing at 0x00056f00... (68 %) 
Writing at 0x00057000... (68 %) 
Writing at 0x00057100... (68 %) 
Writing at 0x00057200... (68 %) 
Writing at 0x00057300... (69 %) 
Writing at 0x00057400... (69 %) 
Writing at 0x00057500... (69 %) 
Writing at 0x00057600... (69 %) 
Writing at 0x00057700... (69 %) 
Writing at 0x00057800... (69 %) 
Writing at 0x00057900... (70 %) 
Writing at 0x00057a00... (70 %) 
Writing at 0x00057b00... (70 %) 
Writing at 0x00057c00... (70 %) 
Writing at 0x00057d00... (70 %) 
Writing at 0x00057e00... (71 %) 
Writing at 0x00057f00... (71 %) 
Writing at 0x00058000... (71 %) 
Writing at 0x00058100... (71 %) 
Writing at 0x00058200... (71 %) 
Writing at 0x00058300... (71 %) 
Writing at 0x00058400... (72 %) 
Writing at 0x00058500... (72 %) 
Writing at 0x00058600... (72 %) 
Writing at 0x00058700... (72 %) 
Writing at 0x00058800... (72 %) 
Writing at 0x00058900... (73 %) 
Writing at 0x00058a00... (73 %) 
Writing at 0x00058b00... (73 %) 
Writing at 0x00058c00... (73 %) 
Writing at 0x00058d00... (73 %) 
Writing at 0x00058e00... (74 %) 
Writing at 0x00058f00... (74 %) 
Writing at 0x00059000... (74 %) 
Writing at 0x00059100... (74 %) 
Writing at 0x00059200... (74 %) 
Writing at 0x00059300... (74 %) 
Writing at 0x00059400... (75 %) 
Writing at 0x00059500... (75 %) 
Writing at 0x00059600... (75 %) 
Writing at 0x00059700... (75 %) 
Writing at 0x00059800... (75 %) 
Writing at 0x00059900... (76 %) 
Writing at 0x00059a00... (76 %) 
Writing at 0x00059b00... (76 %) 
Writing at 0x00059c00... (76 %) 
Writing at 0x00059d00... (76 %) 
Writing at 0x00059e00... (76 %) 
Writing at 0x00059f00... (77 %) 
Writing at 0x0005a000... (77 %) 
Writing at 0x0005a100... (77 %) 
Writing at 0x0005a200... (77 %) 
Writing at 0x0005a300... (77 %) 
Writing at 0x0005a400... (78 %) 
Writing at 0x0005a500... (78 %) 
Writing at 0x0005a600... (78 %) 
Writing at 0x0005a700... (78 %) 
Writing at 0x0005a800... (78 %) 
Writing at 0x0005a900... (79 %) 
Writing at 0x0005aa00... (79 %) 
Writing at 0x0005ab00... (79 %) 
Writing at 0x0005ac00... (79 %) 
Writing at 0x0005ad00... (79 %) 
Writing at 0x0005ae00... (79 %) 
Writing at 0x0005af00... (80 %) 
Writing at 0x0005b000... (80 %) 
Writing at 0x0005b100... (80 %) 
Writing at 0x0005b200... (80 %) 
Writing at 0x0005b300... (80 %) 
Writing at 0x0005b400... (81 %) 
Writing at 0x0005b500... (81 %) 
Writing at 0x0005b600... (81 %) 
Writing at 0x0005b700... (81 %) 
Writing at 0x0005b800... (81 %) 
Writing at 0x0005b900... (82 %) 
Writing at 0x0005ba00... (82 %) 
Writing at 0x0005bb00... (82 %) 
Writing at 0x0005bc00... (82 %) 
Writing at 0x0005bd00... (82 %) 
Writing at 0x0005be00... (82 %) 
Writing at 0x0005bf00... (83 %) 
Writing at 0x0005c000... (83 %) 
Writing at 0x0005c100... (83 %) 
Writing at 0x0005c200... (83 %) 
Writing at 0x0005c300... (83 %) 
Writing at 0x0005c400... (84 %) 
Writing at 0x0005c500... (84 %) 
Writing at 0x0005c600... (84 %) 
Writing at 0x0005c700... (84 %) 
Writing at 0x0005c800... (84 %) 
Writing at 0x0005c900... (84 %) 
Writing at 0x0005ca00... (85 %) 
Writing at 0x0005cb00... (85 %) 
Writing at 0x0005cc00... (85 %) 
Writing at 0x0005cd00... (85 %) 
Writing at 0x0005ce00... (85 %) 
Writing at 0x0005cf00... (86 %) 
Writing at 0x0005d000... (86 %) 
Writing at 0x0005d100... (86 %) 
Writing at 0x0005d200... (86 %) 
Writing at 0x0005d300... (86 %) 
Writing at 0x0005d400... (87 %) 
Writing at 0x0005d500... (87 %) 
Writing at 0x0005d600... (87 %) 
Writing at 0x0005d700... (87 %) 
Writing at 0x0005d800... (87 %) 
Writing at 0x0005d900... (87 %) 
Writing at 0x0005da00... (88 %) 
Writing at 0x0005db00... (88 %) 
Writing at 0x0005dc00... (88 %) 
Writing at 0x0005dd00... (88 %) 
Writing at 0x0005de00... (88 %) 
Writing at 0x0005df00... (89 %) 
Writing at 0x0005e000... (89 %) 
Writing at 0x0005e100... (89 %) 
Writing at 0x0005e200... (89 %) 
Writing at 0x0005e300... (89 %) 
Writing at 0x0005e400... (89 %) 
Writing at 0x0005e500... (90 %) 
Writing at 0x0005e600... (90 %) 
Writing at 0x0005e700... (90 %) 
Writing at 0x0005e800... (90 %) 
Writing at 0x0005e900... (90 %) 
Writing at 0x0005ea00... (91 %) 
Writing at 0x0005eb00... (91 %) 
Writing at 0x0005ec00... (91 %) 
Writing at 0x0005ed00... (91 %) 
Writing at 0x0005ee00... (91 %) 
Writing at 0x0005ef00... (92 %) 
Writing at 0x0005f000... (92 %) 
Writing at 0x0005f100... (92 %) 
Writing at 0x0005f200... (92 %) 
Writing at 0x0005f300... (92 %) 
Writing at 0x0005f400... (92 %) 
Writing at 0x0005f500... (93 %) 
Writing at 0x0005f600... (93 %) 
Writing at 0x0005f700... (93 %) 
Writing at 0x0005f800... (93 %) 
Writing at 0x0005f900... (93 %) 
Writing at 0x0005fa00... (94 %) 
Writing at 0x0005fb00... (94 %) 
Writing at 0x0005fc00... (94 %) 
Writing at 0x0005fd00... (94 %) 
Writing at 0x0005fe00... (94 %) 
Writing at 0x0005ff00... (94 %) 
Writing at 0x00060000... (95 %) 
Writing at 0x00060100... (95 %) 
Writing at 0x00060200... (95 %) 
Writing at 0x00060300... (95 %) 
Writing at 0x00060400... (95 %) 
Writing at 0x00060500... (96 %) 
Writing at 0x00060600... (96 %) 
Writing at 0x00060700... (96 %) 
Writing at 0x00060800... (96 %) 
Writing at 0x00060900... (96 %) 
Writing at 0x00060a00... (97 %) 
Writing at 0x00060b00... (97 %) 
Writing at 0x00060c00... (97 %) 
Writing at 0x00060d00... (97 %) 
Writing at 0x00060e00... (97 %) 
Writing at 0x00060f00... (97 %) 
Writing at 0x00061000... (98 %) 
Writing at 0x00061100... (98 %) 
Writing at 0x00061200... (98 %) 
Writing at 0x00061300... (98 %) 
Writing at 0x00061400... (98 %) 
Writing at 0x00061500... (99 %) 
Writing at 0x00061600... (99 %) 
Writing at 0x00061700... (99 %) 
Writing at 0x00061800... (99 %) 
Writing at 0x00061900... (99 %) 
Writing at 0x00061a00... (100 %)

Leaving...

22:45:00 Build Finished (took 28s.16ms)

