19:19:34 **** Build of configuration Default for project IoT_Demo_MOD ****
mingw32-make.exe -f C:/Users/millers/Desktop/Espressif/examples/IoT_Demo_MOD/Makefile flash 
C:\Users\millers\Desktop\Espressif\utils\esptool.exe -p COM3 write_flash 0x00000 firmware/0x00000.bin 0x40000 firmware/0x40000.bin
Entering bootloader...
Connecting...
Erasing flash...

Writing at 0x00000000... (0 %) 
Writing at 0x00000100... (1 %) 
Writing at 0x00000200... (2 %) 
Writing at 0x00000300... (2 %) 
Writing at 0x00000400... (3 %) 
Writing at 0x00000500... (4 %) 
Writing at 0x00000600... (4 %) 
Writing at 0x00000700... (5 %) 
Writing at 0x00000800... (6 %) 
Writing at 0x00000900... (7 %) 
Writing at 0x00000a00... (7 %) 
Writing at 0x00000b00... (8 %) 
Writing at 0x00000c00... (9 %) 
Writing at 0x00000d00... (9 %) 
Writing at 0x00000e00... (10 %) 
Writing at 0x00000f00... (11 %) 
Writing at 0x00001000... (11 %) 
Writing at 0x00001100... (12 %) 
Writing at 0x00001200... (13 %) 
Writing at 0x00001300... (14 %) 
Writing at 0x00001400... (14 %) 
Writing at 0x00001500... (15 %) 
Writing at 0x00001600... (16 %) 
Writing at 0x00001700... (16 %) 
Writing at 0x00001800... (17 %) 
Writing at 0x00001900... (18 %) 
Writing at 0x00001a00... (19 %) 
Writing at 0x00001b00... (19 %) 
Writing at 0x00001c00... (20 %) 
Writing at 0x00001d00... (21 %) 
Writing at 0x00001e00... (21 %) 
Writing at 0x00001f00... (22 %) 
Writing at 0x00002000... (23 %) 
Writing at 0x00002100... (23 %) 
Writing at 0x00002200... (24 %) 
Writing at 0x00002300... (25 %) 
Writing at 0x00002400... (26 %) 
Writing at 0x00002500... (26 %) 
Writing at 0x00002600... (27 %) 
Writing at 0x00002700... (28 %) 
Writing at 0x00002800... (28 %) 
Writing at 0x00002900... (29 %) 
Writing at 0x00002a00... (30 %) 
Writing at 0x00002b00... (30 %) 
Writing at 0x00002c00... (31 %) 
Writing at 0x00002d00... (32 %) 
Writing at 0x00002e00... (33 %) 
Writing at 0x00002f00... (33 %) 
Writing at 0x00003000... (34 %) 
Writing at 0x00003100... (35 %) 
Writing at 0x00003200... (35 %) 
Writing at 0x00003300... (36 %) 
Writing at 0x00003400... (37 %) 
Writing at 0x00003500... (38 %) 
Writing at 0x00003600... (38 %) 
Writing at 0x00003700... (39 %) 
Writing at 0x00003800... (40 %) 
Writing at 0x00003900... (40 %) 
Writing at 0x00003a00... (41 %) 
Writing at 0x00003b00... (42 %) 
Writing at 0x00003c00... (42 %) 
Writing at 0x00003d00... (43 %) 
Writing at 0x00003e00... (44 %) 
Writing at 0x00003f00... (45 %) 
Writing at 0x00004000... (45 %) 
Writing at 0x00004100... (46 %) 
Writing at 0x00004200... (47 %) 
Writing at 0x00004300... (47 %) 
Writing at 0x00004400... (48 %) 
Writing at 0x00004500... (49 %) 
Writing at 0x00004600... (50 %) 
Writing at 0x00004700... (50 %) 
Writing at 0x00004800... (51 %) 
Writing at 0x00004900... (52 %) 
Writing at 0x00004a00... (52 %) 
Writing at 0x00004b00... (53 %) 
Writing at 0x00004c00... (54 %) 
Writing at 0x00004d00... (54 %) 
Writing at 0x00004e00... (55 %) 
Writing at 0x00004f00... (56 %) 
Writing at 0x00005000... (57 %) 
Writing at 0x00005100... (57 %) 
Writing at 0x00005200... (58 %) 
Writing at 0x00005300... (59 %) 
Writing at 0x00005400... (59 %) 
Writing at 0x00005500... (60 %) 
Writing at 0x00005600... (61 %) 
Writing at 0x00005700... (61 %) 
Writing at 0x00005800... (62 %) 
Writing at 0x00005900... (63 %) 
Writing at 0x00005a00... (64 %) 
Writing at 0x00005b00... (64 %) 
Writing at 0x00005c00... (65 %) 
Writing at 0x00005d00... (66 %) 
Writing at 0x00005e00... (66 %) 
Writing at 0x00005f00... (67 %) 
Writing at 0x00006000... (68 %) 
Writing at 0x00006100... (69 %) 
Writing at 0x00006200... (69 %) 
Writing at 0x00006300... (70 %) 
Writing at 0x00006400... (71 %) 
Writing at 0x00006500... (71 %) 
Writing at 0x00006600... (72 %) 
Writing at 0x00006700... (73 %) 
Writing at 0x00006800... (73 %) 
Writing at 0x00006900... (74 %) 
Writing at 0x00006a00... (75 %) 
Writing at 0x00006b00... (76 %) 
Writing at 0x00006c00... (76 %) 
Writing at 0x00006d00... (77 %) 
Writing at 0x00006e00... (78 %) 
Writing at 0x00006f00... (78 %) 
Writing at 0x00007000... (79 %) 
Writing at 0x00007100... (80 %) 
Writing at 0x00007200... (80 %) 
Writing at 0x00007300... (81 %) 
Writing at 0x00007400... (82 %) 
Writing at 0x00007500... (83 %) 
Writing at 0x00007600... (83 %) 
Writing at 0x00007700... (84 %) 
Writing at 0x00007800... (85 %) 
Writing at 0x00007900... (85 %) 
Writing at 0x00007a00... (86 %) 
Writing at 0x00007b00... (87 %) 
Writing at 0x00007c00... (88 %) 
Writing at 0x00007d00... (88 %) 
Writing at 0x00007e00... (89 %) 
Writing at 0x00007f00... (90 %) 
Writing at 0x00008000... (90 %) 
Writing at 0x00008100... (91 %) 
Writing at 0x00008200... (92 %) 
Writing at 0x00008300... (92 %) 
Writing at 0x00008400... (93 %) 
Writing at 0x00008500... (94 %) 
Writing at 0x00008600... (95 %) 
Writing at 0x00008700... (95 %) 
Writing at 0x00008800... (96 %) 
Writing at 0x00008900... (97 %) 
Writing at 0x00008a00... (97 %) 
Writing at 0x00008b00... (98 %) 
Writing at 0x00008c00... (99 %) 
Writing at 0x00008d00... (100 %)
Erasing flash...

Writing at 0x00040000... (0 %) 
Writing at 0x00040100... (0 %) 
Writing at 0x00040200... (0 %) 
Writing at 0x00040300... (0 %) 
Writing at 0x00040400... (0 %) 
Writing at 0x00040500... (0 %) 
Writing at 0x00040600... (1 %) 
Writing at 0x00040700... (1 %) 
Writing at 0x00040800... (1 %) 
Writing at 0x00040900... (1 %) 
Writing at 0x00040a00... (1 %) 
Writing at 0x00040b00... (1 %) 
Writing at 0x00040c00... (2 %) 
Writing at 0x00040d00... (2 %) 
Writing at 0x00040e00... (2 %) 
Writing at 0x00040f00... (2 %) 
Writing at 0x00041000... (2 %) 
Writing at 0x00041100... (2 %) 
Writing at 0x00041200... (3 %) 
Writing at 0x00041300... (3 %) 
Writing at 0x00041400... (3 %) 
Writing at 0x00041500... (3 %) 
Writing at 0x00041600... (3 %) 
Writing at 0x00041700... (3 %) 
Writing at 0x00041800... (4 %) 
Writing at 0x00041900... (4 %) 
Writing at 0x00041a00... (4 %) 
Writing at 0x00041b00... (4 %) 
Writing at 0x00041c00... (4 %) 
Writing at 0x00041d00... (4 %) 
Writing at 0x00041e00... (5 %) 
Writing at 0x00041f00... (5 %) 
Writing at 0x00042000... (5 %) 
Writing at 0x00042100... (5 %) 
Writing at 0x00042200... (5 %) 
Writing at 0x00042300... (5 %) 
Writing at 0x00042400... (5 %) 
Writing at 0x00042500... (6 %) 
Writing at 0x00042600... (6 %) 
Writing at 0x00042700... (6 %) 
Writing at 0x00042800... (6 %) 
Writing at 0x00042900... (6 %) 
Writing at 0x00042a00... (6 %) 
Writing at 0x00042b00... (7 %) 
Writing at 0x00042c00... (7 %) 
Writing at 0x00042d00... (7 %) 
Writing at 0x00042e00... (7 %) 
Writing at 0x00042f00... (7 %) 
Writing at 0x00043000... (7 %) 
Writing at 0x00043100... (8 %) 
Writing at 0x00043200... (8 %) 
Writing at 0x00043300... (8 %) 
Writing at 0x00043400... (8 %) 
Writing at 0x00043500... (8 %) 
Writing at 0x00043600... (8 %) 
Writing at 0x00043700... (9 %) 
Writing at 0x00043800... (9 %) 
Writing at 0x00043900... (9 %) 
Writing at 0x00043a00... (9 %) 
Writing at 0x00043b00... (9 %) 
Writing at 0x00043c00... (9 %) 
Writing at 0x00043d00... (10 %) 
Writing at 0x00043e00... (10 %) 
Writing at 0x00043f00... (10 %) 
Writing at 0x00044000... (10 %) 
Writing at 0x00044100... (10 %) 
Writing at 0x00044200... (10 %) 
Writing at 0x00044300... (11 %) 
Writing at 0x00044400... (11 %) 
Writing at 0x00044500... (11 %) 
Writing at 0x00044600... (11 %) 
Writing at 0x00044700... (11 %) 
Writing at 0x00044800... (11 %) 
Writing at 0x00044900... (11 %) 
Writing at 0x00044a00... (12 %) 
Writing at 0x00044b00... (12 %) 
Writing at 0x00044c00... (12 %) 
Writing at 0x00044d00... (12 %) 
Writing at 0x00044e00... (12 %) 
Writing at 0x00044f00... (12 %) 
Writing at 0x00045000... (13 %) 
Writing at 0x00045100... (13 %) 
Writing at 0x00045200... (13 %) 
Writing at 0x00045300... (13 %) 
Writing at 0x00045400... (13 %) 
Writing at 0x00045500... (13 %) 
Writing at 0x00045600... (14 %) 
Writing at 0x00045700... (14 %) 
Writing at 0x00045800... (14 %) 
Writing at 0x00045900... (14 %) 
Writing at 0x00045a00... (14 %) 
Writing at 0x00045b00... (14 %) 
Writing at 0x00045c00... (15 %) 
Writing at 0x00045d00... (15 %) 
Writing at 0x00045e00... (15 %) 
Writing at 0x00045f00... (15 %) 
Writing at 0x00046000... (15 %) 
Writing at 0x00046100... (15 %) 
Writing at 0x00046200... (16 %) 
Writing at 0x00046300... (16 %) 
Writing at 0x00046400... (16 %) 
Writing at 0x00046500... (16 %) 
Writing at 0x00046600... (16 %) 
Writing at 0x00046700... (16 %) 
Writing at 0x00046800... (16 %) 
Writing at 0x00046900... (17 %) 
Writing at 0x00046a00... (17 %) 
Writing at 0x00046b00... (17 %) 
Writing at 0x00046c00... (17 %) 
Writing at 0x00046d00... (17 %) 
Writing at 0x00046e00... (17 %) 
Writing at 0x00046f00... (18 %) 
Writing at 0x00047000... (18 %) 
Writing at 0x00047100... (18 %) 
Writing at 0x00047200... (18 %) 
Writing at 0x00047300... (18 %) 
Writing at 0x00047400... (18 %) 
Writing at 0x00047500... (19 %) 
Writing at 0x00047600... (19 %) 
Writing at 0x00047700... (19 %) 
Writing at 0x00047800... (19 %) 
Writing at 0x00047900... (19 %) 
Writing at 0x00047a00... (19 %) 
Writing at 0x00047b00... (20 %) 
Writing at 0x00047c00... (20 %) 
Writing at 0x00047d00... (20 %) 
Writing at 0x00047e00... (20 %) 
Writing at 0x00047f00... (20 %) 
Writing at 0x00048000... (20 %) 
Writing at 0x00048100... (21 %) 
Writing at 0x00048200... (21 %) 
Writing at 0x00048300... (21 %) 
Writing at 0x00048400... (21 %) 
Writing at 0x00048500... (21 %) 
Writing at 0x00048600... (21 %) 
Writing at 0x00048700... (22 %) 
Writing at 0x00048800... (22 %) 
Writing at 0x00048900... (22 %) 
Writing at 0x00048a00... (22 %) 
Writing at 0x00048b00... (22 %) 
Writing at 0x00048c00... (22 %) 
Writing at 0x00048d00... (22 %) 
Writing at 0x00048e00... (23 %) 
Writing at 0x00048f00... (23 %) 
Writing at 0x00049000... (23 %) 
Writing at 0x00049100... (23 %) 
Writing at 0x00049200... (23 %) 
Writing at 0x00049300... (23 %) 
Writing at 0x00049400... (24 %) 
Writing at 0x00049500... (24 %) 
Writing at 0x00049600... (24 %) 
Writing at 0x00049700... (24 %) 
Writing at 0x00049800... (24 %) 
Writing at 0x00049900... (24 %) 
Writing at 0x00049a00... (25 %) 
Writing at 0x00049b00... (25 %) 
Writing at 0x00049c00... (25 %) 
Writing at 0x00049d00... (25 %) 
Writing at 0x00049e00... (25 %) 
Writing at 0x00049f00... (25 %) 
Writing at 0x0004a000... (26 %) 
Writing at 0x0004a100... (26 %) 
Writing at 0x0004a200... (26 %) 
Writing at 0x0004a300... (26 %) 
Writing at 0x0004a400... (26 %) 
Writing at 0x0004a500... (26 %) 
Writing at 0x0004a600... (27 %) 
Writing at 0x0004a700... (27 %) 
Writing at 0x0004a800... (27 %) 
Writing at 0x0004a900... (27 %) 
Writing at 0x0004aa00... (27 %) 
Writing at 0x0004ab00... (27 %) 
Writing at 0x0004ac00... (27 %) 
Writing at 0x0004ad00... (28 %) 
Writing at 0x0004ae00... (28 %) 
Writing at 0x0004af00... (28 %) 
Writing at 0x0004b000... (28 %) 
Writing at 0x0004b100... (28 %) 
Writing at 0x0004b200... (28 %) 
Writing at 0x0004b300... (29 %) 
Writing at 0x0004b400... (29 %) 
Writing at 0x0004b500... (29 %) 
Writing at 0x0004b600... (29 %) 
Writing at 0x0004b700... (29 %) 
Writing at 0x0004b800... (29 %) 
Writing at 0x0004b900... (30 %) 
Writing at 0x0004ba00... (30 %) 
Writing at 0x0004bb00... (30 %) 
Writing at 0x0004bc00... (30 %) 
Writing at 0x0004bd00... (30 %) 
Writing at 0x0004be00... (30 %) 
Writing at 0x0004bf00... (31 %) 
Writing at 0x0004c000... (31 %) 
Writing at 0x0004c100... (31 %) 
Writing at 0x0004c200... (31 %) 
Writing at 0x0004c300... (31 %) 
Writing at 0x0004c400... (31 %) 
Writing at 0x0004c500... (32 %) 
Writing at 0x0004c600... (32 %) 
Writing at 0x0004c700... (32 %) 
Writing at 0x0004c800... (32 %) 
Writing at 0x0004c900... (32 %) 
Writing at 0x0004ca00... (32 %) 
Writing at 0x0004cb00... (33 %) 
Writing at 0x0004cc00... (33 %) 
Writing at 0x0004cd00... (33 %) 
Writing at 0x0004ce00... (33 %) 
Writing at 0x0004cf00... (33 %) 
Writing at 0x0004d000... (33 %) 
Writing at 0x0004d100... (33 %) 
Writing at 0x0004d200... (34 %) 
Writing at 0x0004d300... (34 %) 
Writing at 0x0004d400... (34 %) 
Writing at 0x0004d500... (34 %) 
Writing at 0x0004d600... (34 %) 
Writing at 0x0004d700... (34 %) 
Writing at 0x0004d800... (35 %) 
Writing at 0x0004d900... (35 %) 
Writing at 0x0004da00... (35 %) 
Writing at 0x0004db00... (35 %) 
Writing at 0x0004dc00... (35 %) 
Writing at 0x0004dd00... (35 %) 
Writing at 0x0004de00... (36 %) 
Writing at 0x0004df00... (36 %) 
Writing at 0x0004e000... (36 %) 
Writing at 0x0004e100... (36 %) 
Writing at 0x0004e200... (36 %) 
Writing at 0x0004e300... (36 %) 
Writing at 0x0004e400... (37 %) 
Writing at 0x0004e500... (37 %) 
Writing at 0x0004e600... (37 %) 
Writing at 0x0004e700... (37 %) 
Writing at 0x0004e800... (37 %) 
Writing at 0x0004e900... (37 %) 
Writing at 0x0004ea00... (38 %) 
Writing at 0x0004eb00... (38 %) 
Writing at 0x0004ec00... (38 %) 
Writing at 0x0004ed00... (38 %) 
Writing at 0x0004ee00... (38 %) 
Writing at 0x0004ef00... (38 %) 
Writing at 0x0004f000... (38 %) 
Writing at 0x0004f100... (39 %) 
Writing at 0x0004f200... (39 %) 
Writing at 0x0004f300... (39 %) 
Writing at 0x0004f400... (39 %) 
Writing at 0x0004f500... (39 %) 
Writing at 0x0004f600... (39 %) 
Writing at 0x0004f700... (40 %) 
Writing at 0x0004f800... (40 %) 
Writing at 0x0004f900... (40 %) 
Writing at 0x0004fa00... (40 %) 
Writing at 0x0004fb00... (40 %) 
Writing at 0x0004fc00... (40 %) 
Writing at 0x0004fd00... (41 %) 
Writing at 0x0004fe00... (41 %) 
Writing at 0x0004ff00... (41 %) 
Writing at 0x00050000... (41 %) 
Writing at 0x00050100... (41 %) 
Writing at 0x00050200... (41 %) 
Writing at 0x00050300... (42 %) 
Writing at 0x00050400... (42 %) 
Writing at 0x00050500... (42 %) 
Writing at 0x00050600... (42 %) 
Writing at 0x00050700... (42 %) 
Writing at 0x00050800... (42 %) 
Writing at 0x00050900... (43 %) 
Writing at 0x00050a00... (43 %) 
Writing at 0x00050b00... (43 %) 
Writing at 0x00050c00... (43 %) 
Writing at 0x00050d00... (43 %) 
Writing at 0x00050e00... (43 %) 
Writing at 0x00050f00... (44 %) 
Writing at 0x00051000... (44 %) 
Writing at 0x00051100... (44 %) 
Writing at 0x00051200... (44 %) 
Writing at 0x00051300... (44 %) 
Writing at 0x00051400... (44 %) 
Writing at 0x00051500... (44 %) 
Writing at 0x00051600... (45 %) 
Writing at 0x00051700... (45 %) 
Writing at 0x00051800... (45 %) 
Writing at 0x00051900... (45 %) 
Writing at 0x00051a00... (45 %) 
Writing at 0x00051b00... (45 %) 
Writing at 0x00051c00... (46 %) 
Writing at 0x00051d00... (46 %) 
Writing at 0x00051e00... (46 %) 
Writing at 0x00051f00... (46 %) 
Writing at 0x00052000... (46 %) 
Writing at 0x00052100... (46 %) 
Writing at 0x00052200... (47 %) 
Writing at 0x00052300... (47 %) 
Writing at 0x00052400... (47 %) 
Writing at 0x00052500... (47 %) 
Writing at 0x00052600... (47 %) 
Writing at 0x00052700... (47 %) 
Writing at 0x00052800... (48 %) 
Writing at 0x00052900... (48 %) 
Writing at 0x00052a00... (48 %) 
Writing at 0x00052b00... (48 %) 
Writing at 0x00052c00... (48 %) 
Writing at 0x00052d00... (48 %) 
Writing at 0x00052e00... (49 %) 
Writing at 0x00052f00... (49 %) 
Writing at 0x00053000... (49 %) 
Writing at 0x00053100... (49 %) 
Writing at 0x00053200... (49 %) 
Writing at 0x00053300... (49 %) 
Writing at 0x00053400... (50 %) 
Writing at 0x00053500... (50 %) 
Writing at 0x00053600... (50 %) 
Writing at 0x00053700... (50 %) 
Writing at 0x00053800... (50 %) 
Writing at 0x00053900... (50 %) 
Writing at 0x00053a00... (50 %) 
Writing at 0x00053b00... (51 %) 
Writing at 0x00053c00... (51 %) 
Writing at 0x00053d00... (51 %) 
Writing at 0x00053e00... (51 %) 
Writing at 0x00053f00... (51 %) 
Writing at 0x00054000... (51 %) 
Writing at 0x00054100... (52 %) 
Writing at 0x00054200... (52 %) 
Writing at 0x00054300... (52 %) 
Writing at 0x00054400... (52 %) 
Writing at 0x00054500... (52 %) 
Writing at 0x00054600... (52 %) 
Writing at 0x00054700... (53 %) 
Writing at 0x00054800... (53 %) 
Writing at 0x00054900... (53 %) 
Writing at 0x00054a00... (53 %) 
Writing at 0x00054b00... (53 %) 
Writing at 0x00054c00... (53 %) 
Writing at 0x00054d00... (54 %) 
Writing at 0x00054e00... (54 %) 
Writing at 0x00054f00... (54 %) 
Writing at 0x00055000... (54 %) 
Writing at 0x00055100... (54 %) 
Writing at 0x00055200... (54 %) 
Writing at 0x00055300... (55 %) 
Writing at 0x00055400... (55 %) 
Writing at 0x00055500... (55 %) 
Writing at 0x00055600... (55 %) 
Writing at 0x00055700... (55 %) 
Writing at 0x00055800... (55 %) 
Writing at 0x00055900... (55 %) 
Writing at 0x00055a00... (56 %) 
Writing at 0x00055b00... (56 %) 
Writing at 0x00055c00... (56 %) 
Writing at 0x00055d00... (56 %) 
Writing at 0x00055e00... (56 %) 
Writing at 0x00055f00... (56 %) 
Writing at 0x00056000... (57 %) 
Writing at 0x00056100... (57 %) 
Writing at 0x00056200... (57 %) 
Writing at 0x00056300... (57 %) 
Writing at 0x00056400... (57 %) 
Writing at 0x00056500... (57 %) 
Writing at 0x00056600... (58 %) 
Writing at 0x00056700... (58 %) 
Writing at 0x00056800... (58 %) 
Writing at 0x00056900... (58 %) 
Writing at 0x00056a00... (58 %) 
Writing at 0x00056b00... (58 %) 
Writing at 0x00056c00... (59 %) 
Writing at 0x00056d00... (59 %) 
Writing at 0x00056e00... (59 %) 
Writing at 0x00056f00... (59 %) 
Writing at 0x00057000... (59 %) 
Writing at 0x00057100... (59 %) 
Writing at 0x00057200... (60 %) 
Writing at 0x00057300... (60 %) 
Writing at 0x00057400... (60 %) 
Writing at 0x00057500... (60 %) 
Writing at 0x00057600... (60 %) 
Writing at 0x00057700... (60 %) 
Writing at 0x00057800... (61 %) 
Writing at 0x00057900... (61 %) 
Writing at 0x00057a00... (61 %) 
Writing at 0x00057b00... (61 %) 
Writing at 0x00057c00... (61 %) 
Writing at 0x00057d00... (61 %) 
Writing at 0x00057e00... (61 %) 
Writing at 0x00057f00... (62 %) 
Writing at 0x00058000... (62 %) 
Writing at 0x00058100... (62 %) 
Writing at 0x00058200... (62 %) 
Writing at 0x00058300... (62 %) 
Writing at 0x00058400... (62 %) 
Writing at 0x00058500... (63 %) 
Writing at 0x00058600... (63 %) 
Writing at 0x00058700... (63 %) 
Writing at 0x00058800... (63 %) 
Writing at 0x00058900... (63 %) 
Writing at 0x00058a00... (63 %) 
Writing at 0x00058b00... (64 %) 
Writing at 0x00058c00... (64 %) 
Writing at 0x00058d00... (64 %) 
Writing at 0x00058e00... (64 %) 
Writing at 0x00058f00... (64 %) 
Writing at 0x00059000... (64 %) 
Writing at 0x00059100... (65 %) 
Writing at 0x00059200... (65 %) 
Writing at 0x00059300... (65 %) 
Writing at 0x00059400... (65 %) 
Writing at 0x00059500... (65 %) 
Writing at 0x00059600... (65 %) 
Writing at 0x00059700... (66 %) 
Writing at 0x00059800... (66 %) 
Writing at 0x00059900... (66 %) 
Writing at 0x00059a00... (66 %) 
Writing at 0x00059b00... (66 %) 
Writing at 0x00059c00... (66 %) 
Writing at 0x00059d00... (66 %) 
Writing at 0x00059e00... (67 %) 
Writing at 0x00059f00... (67 %) 
Writing at 0x0005a000... (67 %) 
Writing at 0x0005a100... (67 %) 
Writing at 0x0005a200... (67 %) 
Writing at 0x0005a300... (67 %) 
Writing at 0x0005a400... (68 %) 
Writing at 0x0005a500... (68 %) 
Writing at 0x0005a600... (68 %) 
Writing at 0x0005a700... (68 %) 
Writing at 0x0005a800... (68 %) 
Writing at 0x0005a900... (68 %) 
Writing at 0x0005aa00... (69 %) 
Writing at 0x0005ab00... (69 %) 
Writing at 0x0005ac00... (69 %) 
Writing at 0x0005ad00... (69 %) 
Writing at 0x0005ae00... (69 %) 
Writing at 0x0005af00... (69 %) 
Writing at 0x0005b000... (70 %) 
Writing at 0x0005b100... (70 %) 
Writing at 0x0005b200... (70 %) 
Writing at 0x0005b300... (70 %) 
Writing at 0x0005b400... (70 %) 
Writing at 0x0005b500... (70 %) 
Writing at 0x0005b600... (71 %) 
Writing at 0x0005b700... (71 %) 
Writing at 0x0005b800... (71 %) 
Writing at 0x0005b900... (71 %) 
Writing at 0x0005ba00... (71 %) 
Writing at 0x0005bb00... (71 %) 
Writing at 0x0005bc00... (72 %) 
Writing at 0x0005bd00... (72 %) 
Writing at 0x0005be00... (72 %) 
Writing at 0x0005bf00... (72 %) 
Writing at 0x0005c000... (72 %) 
Writing at 0x0005c100... (72 %) 
Writing at 0x0005c200... (72 %) 
Writing at 0x0005c300... (73 %) 
Writing at 0x0005c400... (73 %) 
Writing at 0x0005c500... (73 %) 
Writing at 0x0005c600... (73 %) 
Writing at 0x0005c700... (73 %) 
Writing at 0x0005c800... (73 %) 
Writing at 0x0005c900... (74 %) 
Writing at 0x0005ca00... (74 %) 
Writing at 0x0005cb00... (74 %) 
Writing at 0x0005cc00... (74 %) 
Writing at 0x0005cd00... (74 %) 
Writing at 0x0005ce00... (74 %) 
Writing at 0x0005cf00... (75 %) 
Writing at 0x0005d000... (75 %) 
Writing at 0x0005d100... (75 %) 
Writing at 0x0005d200... (75 %) 
Writing at 0x0005d300... (75 %) 
Writing at 0x0005d400... (75 %) 
Writing at 0x0005d500... (76 %) 
Writing at 0x0005d600... (76 %) 
Writing at 0x0005d700... (76 %) 
Writing at 0x0005d800... (76 %) 
Writing at 0x0005d900... (76 %) 
Writing at 0x0005da00... (76 %) 
Writing at 0x0005db00... (77 %) 
Writing at 0x0005dc00... (77 %) 
Writing at 0x0005dd00... (77 %) 
Writing at 0x0005de00... (77 %) 
Writing at 0x0005df00... (77 %) 
Writing at 0x0005e000... (77 %) 
Writing at 0x0005e100... (77 %) 
Writing at 0x0005e200... (78 %) 
Writing at 0x0005e300... (78 %) 
Writing at 0x0005e400... (78 %) 
Writing at 0x0005e500... (78 %) 
Writing at 0x0005e600... (78 %) 
Writing at 0x0005e700... (78 %) 
Writing at 0x0005e800... (79 %) 
Writing at 0x0005e900... (79 %) 
Writing at 0x0005ea00... (79 %) 
Writing at 0x0005eb00... (79 %) 
Writing at 0x0005ec00... (79 %) 
Writing at 0x0005ed00... (79 %) 
Writing at 0x0005ee00... (80 %) 
Writing at 0x0005ef00... (80 %) 
Writing at 0x0005f000... (80 %) 
Writing at 0x0005f100... (80 %) 
Writing at 0x0005f200... (80 %) 
Writing at 0x0005f300... (80 %) 
Writing at 0x0005f400... (81 %) 
Writing at 0x0005f500... (81 %) 
Writing at 0x0005f600... (81 %) 
Writing at 0x0005f700... (81 %) 
Writing at 0x0005f800... (81 %) 
Writing at 0x0005f900... (81 %) 
Writing at 0x0005fa00... (82 %) 
Writing at 0x0005fb00... (82 %) 
Writing at 0x0005fc00... (82 %) 
Writing at 0x0005fd00... (82 %) 
Writing at 0x0005fe00... (82 %) 
Writing at 0x0005ff00... (82 %) 
Writing at 0x00060000... (83 %) 
Writing at 0x00060100... (83 %) 
Writing at 0x00060200... (83 %) 
Writing at 0x00060300... (83 %) 
Writing at 0x00060400... (83 %) 
Writing at 0x00060500... (83 %) 
Writing at 0x00060600... (83 %) 
Writing at 0x00060700... (84 %) 
Writing at 0x00060800... (84 %) 
Writing at 0x00060900... (84 %) 
Writing at 0x00060a00... (84 %) 
Writing at 0x00060b00... (84 %) 
Writing at 0x00060c00... (84 %) 
Writing at 0x00060d00... (85 %) 
Writing at 0x00060e00... (85 %) 
Writing at 0x00060f00... (85 %) 
Writing at 0x00061000... (85 %) 
Writing at 0x00061100... (85 %) 
Writing at 0x00061200... (85 %) 
Writing at 0x00061300... (86 %) 
Writing at 0x00061400... (86 %) 
Writing at 0x00061500... (86 %) 
Writing at 0x00061600... (86 %) 
Writing at 0x00061700... (86 %) 
Writing at 0x00061800... (86 %) 
Writing at 0x00061900... (87 %) 
Writing at 0x00061a00... (87 %) 
Writing at 0x00061b00... (87 %) 
Writing at 0x00061c00... (87 %) 
Writing at 0x00061d00... (87 %) 
Writing at 0x00061e00... (87 %) 
Writing at 0x00061f00... (88 %) 
Writing at 0x00062000... (88 %) 
Writing at 0x00062100... (88 %) 
Writing at 0x00062200... (88 %) 
Writing at 0x00062300... (88 %) 
Writing at 0x00062400... (88 %) 
Writing at 0x00062500... (88 %) 
Writing at 0x00062600... (89 %) 
Writing at 0x00062700... (89 %) 
Writing at 0x00062800... (89 %) 
Writing at 0x00062900... (89 %) 
Writing at 0x00062a00... (89 %) 
Writing at 0x00062b00... (89 %) 
Writing at 0x00062c00... (90 %) 
Writing at 0x00062d00... (90 %) 
Writing at 0x00062e00... (90 %) 
Writing at 0x00062f00... (90 %) 
Writing at 0x00063000... (90 %) 
Writing at 0x00063100... (90 %) 
Writing at 0x00063200... (91 %) 
Writing at 0x00063300... (91 %) 
Writing at 0x00063400... (91 %) 
Writing at 0x00063500... (91 %) 
Writing at 0x00063600... (91 %) 
Writing at 0x00063700... (91 %) 
Writing at 0x00063800... (92 %) 
Writing at 0x00063900... (92 %) 
Writing at 0x00063a00... (92 %) 
Writing at 0x00063b00... (92 %) 
Writing at 0x00063c00... (92 %) 
Writing at 0x00063d00... (92 %) 
Writing at 0x00063e00... (93 %) 
Writing at 0x00063f00... (93 %) 
Writing at 0x00064000... (93 %) 
Writing at 0x00064100... (93 %) 
Writing at 0x00064200... (93 %) 
Writing at 0x00064300... (93 %) 
Writing at 0x00064400... (94 %) 
Writing at 0x00064500... (94 %) 
Writing at 0x00064600... (94 %) 
Writing at 0x00064700... (94 %) 
Writing at 0x00064800... (94 %) 
Writing at 0x00064900... (94 %) 
Writing at 0x00064a00... (94 %) 
Writing at 0x00064b00... (95 %) 
Writing at 0x00064c00... (95 %) 
Writing at 0x00064d00... (95 %) 
Writing at 0x00064e00... (95 %) 
Writing at 0x00064f00... (95 %) 
Writing at 0x00065000... (95 %) 
Writing at 0x00065100... (96 %) 
Writing at 0x00065200... (96 %) 
Writing at 0x00065300... (96 %) 
Writing at 0x00065400... (96 %) 
Writing at 0x00065500... (96 %) 
Writing at 0x00065600... (96 %) 
Writing at 0x00065700... (97 %) 
Writing at 0x00065800... (97 %) 
Writing at 0x00065900... (97 %) 
Writing at 0x00065a00... (97 %) 
Writing at 0x00065b00... (97 %) 
Writing at 0x00065c00... (97 %) 
Writing at 0x00065d00... (98 %) 
Writing at 0x00065e00... (98 %) 
Writing at 0x00065f00... (98 %) 
Writing at 0x00066000... (98 %) 
Writing at 0x00066100... (98 %) 
Writing at 0x00066200... (98 %) 
Writing at 0x00066300... (99 %) 
Writing at 0x00066400... (99 %) 
Writing at 0x00066500... (99 %) 
Writing at 0x00066600... (99 %) 
Writing at 0x00066700... (99 %) 
Writing at 0x00066800... (99 %) 
Writing at 0x00066900... (100 %)

Leaving...

19:20:01 Build Finished (took 27s.400ms)

