17:09:22 **** Build of configuration Default for project wifi-sta-tcp-client ****
mingw32-make.exe -f C:/Users/millers/Desktop/Espressif/examples/wifi-sta-tcp-client/Makefile flash 
C:\Users\millers\Desktop\Espressif\utils\esptool.exe -p COM3 write_flash 0x00000 firmware/0x00000.bin 0x40000 firmware/0x40000.bin
Entering bootloader...
Connecting...
Erasing flash...

Writing at 0x00000000... (0 %) 
Writing at 0x00000100... (1 %) 
Writing at 0x00000200... (2 %) 
Writing at 0x00000300... (3 %) 
Writing at 0x00000400... (3 %) 
Writing at 0x00000500... (4 %) 
Writing at 0x00000600... (5 %) 
Writing at 0x00000700... (6 %) 
Writing at 0x00000800... (6 %) 
Writing at 0x00000900... (7 %) 
Writing at 0x00000a00... (8 %) 
Writing at 0x00000b00... (9 %) 
Writing at 0x00000c00... (10 %) 
Writing at 0x00000d00... (10 %) 
Writing at 0x00000e00... (11 %) 
Writing at 0x00000f00... (12 %) 
Writing at 0x00001000... (13 %) 
Writing at 0x00001100... (13 %) 
Writing at 0x00001200... (14 %) 
Writing at 0x00001300... (15 %) 
Writing at 0x00001400... (16 %) 
Writing at 0x00001500... (16 %) 
Writing at 0x00001600... (17 %) 
Writing at 0x00001700... (18 %) 
Writing at 0x00001800... (19 %) 
Writing at 0x00001900... (20 %) 
Writing at 0x00001a00... (20 %) 
Writing at 0x00001b00... (21 %) 
Writing at 0x00001c00... (22 %) 
Writing at 0x00001d00... (23 %) 
Writing at 0x00001e00... (23 %) 
Writing at 0x00001f00... (24 %) 
Writing at 0x00002000... (25 %) 
Writing at 0x00002100... (26 %) 
Writing at 0x00002200... (26 %) 
Writing at 0x00002300... (27 %) 
Writing at 0x00002400... (28 %) 
Writing at 0x00002500... (29 %) 
Writing at 0x00002600... (30 %) 
Writing at 0x00002700... (30 %) 
Writing at 0x00002800... (31 %) 
Writing at 0x00002900... (32 %) 
Writing at 0x00002a00... (33 %) 
Writing at 0x00002b00... (33 %) 
Writing at 0x00002c00... (34 %) 
Writing at 0x00002d00... (35 %) 
Writing at 0x00002e00... (36 %) 
Writing at 0x00002f00... (36 %) 
Writing at 0x00003000... (37 %) 
Writing at 0x00003100... (38 %) 
Writing at 0x00003200... (39 %) 
Writing at 0x00003300... (40 %) 
Writing at 0x00003400... (40 %) 
Writing at 0x00003500... (41 %) 
Writing at 0x00003600... (42 %) 
Writing at 0x00003700... (43 %) 
Writing at 0x00003800... (43 %) 
Writing at 0x00003900... (44 %) 
Writing at 0x00003a00... (45 %) 
Writing at 0x00003b00... (46 %) 
Writing at 0x00003c00... (46 %) 
Writing at 0x00003d00... (47 %) 
Writing at 0x00003e00... (48 %) 
Writing at 0x00003f00... (49 %) 
Writing at 0x00004000... (50 %) 
Writing at 0x00004100... (50 %) 
Writing at 0x00004200... (51 %) 
Writing at 0x00004300... (52 %) 
Writing at 0x00004400... (53 %) 
Writing at 0x00004500... (53 %) 
Writing at 0x00004600... (54 %) 
Writing at 0x00004700... (55 %) 
Writing at 0x00004800... (56 %) 
Writing at 0x00004900... (56 %) 
Writing at 0x00004a00... (57 %) 
Writing at 0x00004b00... (58 %) 
Writing at 0x00004c00... (59 %) 
Writing at 0x00004d00... (60 %) 
Writing at 0x00004e00... (60 %) 
Writing at 0x00004f00... (61 %) 
Writing at 0x00005000... (62 %) 
Writing at 0x00005100... (63 %) 
Writing at 0x00005200... (63 %) 
Writing at 0x00005300... (64 %) 
Writing at 0x00005400... (65 %) 
Writing at 0x00005500... (66 %) 
Writing at 0x00005600... (66 %) 
Writing at 0x00005700... (67 %) 
Writing at 0x00005800... (68 %) 
Writing at 0x00005900... (69 %) 
Writing at 0x00005a00... (70 %) 
Writing at 0x00005b00... (70 %) 
Writing at 0x00005c00... (71 %) 
Writing at 0x00005d00... (72 %) 
Writing at 0x00005e00... (73 %) 
Writing at 0x00005f00... (73 %) 
Writing at 0x00006000... (74 %) 
Writing at 0x00006100... (75 %) 
Writing at 0x00006200... (76 %) 
Writing at 0x00006300... (76 %) 
Writing at 0x00006400... (77 %) 
Writing at 0x00006500... (78 %) 
Writing at 0x00006600... (79 %) 
Writing at 0x00006700... (80 %) 
Writing at 0x00006800... (80 %) 
Writing at 0x00006900... (81 %) 
Writing at 0x00006a00... (82 %) 
Writing at 0x00006b00... (83 %) 
Writing at 0x00006c00... (83 %) 
Writing at 0x00006d00... (84 %) 
Writing at 0x00006e00... (85 %) 
Writing at 0x00006f00... (86 %) 
Writing at 0x00007000... (86 %) 
Writing at 0x00007100... (87 %) 
Writing at 0x00007200... (88 %) 
Writing at 0x00007300... (89 %) 
Writing at 0x00007400... (90 %) 
Writing at 0x00007500... (90 %) 
Writing at 0x00007600... (91 %) 
Writing at 0x00007700... (92 %) 
Writing at 0x00007800... (93 %) 
Writing at 0x00007900... (93 %) 
Writing at 0x00007a00... (94 %) 
Writing at 0x00007b00... (95 %) 
Writing at 0x00007c00... (96 %) 
Writing at 0x00007d00... (96 %) 
Writing at 0x00007e00... (97 %) 
Writing at 0x00007f00... (98 %) 
Writing at 0x00008000... (99 %) 
Writing at 0x00008100... (100 %)
Erasing flash...

Writing at 0x00040000... (0 %) 
Writing at 0x00040100... (0 %) 
Writing at 0x00040200... (0 %) 
Writing at 0x00040300... (0 %) 
Writing at 0x00040400... (0 %) 
Writing at 0x00040500... (1 %) 
Writing at 0x00040600... (1 %) 
Writing at 0x00040700... (1 %) 
Writing at 0x00040800... (1 %) 
Writing at 0x00040900... (1 %) 
Writing at 0x00040a00... (1 %) 
Writing at 0x00040b00... (2 %) 
Writing at 0x00040c00... (2 %) 
Writing at 0x00040d00... (2 %) 
Writing at 0x00040e00... (2 %) 
Writing at 0x00040f00... (2 %) 
Writing at 0x00041000... (3 %) 
Writing at 0x00041100... (3 %) 
Writing at 0x00041200... (3 %) 
Writing at 0x00041300... (3 %) 
Writing at 0x00041400... (3 %) 
Writing at 0x00041500... (3 %) 
Writing at 0x00041600... (4 %) 
Writing at 0x00041700... (4 %) 
Writing at 0x00041800... (4 %) 
Writing at 0x00041900... (4 %) 
Writing at 0x00041a00... (4 %) 
Writing at 0x00041b00... (4 %) 
Writing at 0x00041c00... (5 %) 
Writing at 0x00041d00... (5 %) 
Writing at 0x00041e00... (5 %) 
Writing at 0x00041f00... (5 %) 
Writing at 0x00042000... (5 %) 
Writing at 0x00042100... (6 %) 
Writing at 0x00042200... (6 %) 
Writing at 0x00042300... (6 %) 
Writing at 0x00042400... (6 %) 
Writing at 0x00042500... (6 %) 
Writing at 0x00042600... (6 %) 
Writing at 0x00042700... (7 %) 
Writing at 0x00042800... (7 %) 
Writing at 0x00042900... (7 %) 
Writing at 0x00042a00... (7 %) 
Writing at 0x00042b00... (7 %) 
Writing at 0x00042c00... (7 %) 
Writing at 0x00042d00... (8 %) 
Writing at 0x00042e00... (8 %) 
Writing at 0x00042f00... (8 %) 
Writing at 0x00043000... (8 %) 
Writing at 0x00043100... (8 %) 
Writing at 0x00043200... (9 %) 
Writing at 0x00043300... (9 %) 
Writing at 0x00043400... (9 %) 
Writing at 0x00043500... (9 %) 
Writing at 0x00043600... (9 %) 
Writing at 0x00043700... (9 %) 
Writing at 0x00043800... (10 %) 
Writing at 0x00043900... (10 %) 
Writing at 0x00043a00... (10 %) 
Writing at 0x00043b00... (10 %) 
Writing at 0x00043c00... (10 %) 
Writing at 0x00043d00... (10 %) 
Writing at 0x00043e00... (11 %) 
Writing at 0x00043f00... (11 %) 
Writing at 0x00044000... (11 %) 
Writing at 0x00044100... (11 %) 
Writing at 0x00044200... (11 %) 
Writing at 0x00044300... (12 %) 
Writing at 0x00044400... (12 %) 
Writing at 0x00044500... (12 %) 
Writing at 0x00044600... (12 %) 
Writing at 0x00044700... (12 %) 
Writing at 0x00044800... (12 %) 
Writing at 0x00044900... (13 %) 
Writing at 0x00044a00... (13 %) 
Writing at 0x00044b00... (13 %) 
Writing at 0x00044c00... (13 %) 
Writing at 0x00044d00... (13 %) 
Writing at 0x00044e00... (14 %) 
Writing at 0x00044f00... (14 %) 
Writing at 0x00045000... (14 %) 
Writing at 0x00045100... (14 %) 
Writing at 0x00045200... (14 %) 
Writing at 0x00045300... (14 %) 
Writing at 0x00045400... (15 %) 
Writing at 0x00045500... (15 %) 
Writing at 0x00045600... (15 %) 
Writing at 0x00045700... (15 %) 
Writing at 0x00045800... (15 %) 
Writing at 0x00045900... (15 %) 
Writing at 0x00045a00... (16 %) 
Writing at 0x00045b00... (16 %) 
Writing at 0x00045c00... (16 %) 
Writing at 0x00045d00... (16 %) 
Writing at 0x00045e00... (16 %) 
Writing at 0x00045f00... (17 %) 
Writing at 0x00046000... (17 %) 
Writing at 0x00046100... (17 %) 
Writing at 0x00046200... (17 %) 
Writing at 0x00046300... (17 %) 
Writing at 0x00046400... (17 %) 
Writing at 0x00046500... (18 %) 
Writing at 0x00046600... (18 %) 
Writing at 0x00046700... (18 %) 
Writing at 0x00046800... (18 %) 
Writing at 0x00046900... (18 %) 
Writing at 0x00046a00... (18 %) 
Writing at 0x00046b00... (19 %) 
Writing at 0x00046c00... (19 %) 
Writing at 0x00046d00... (19 %) 
Writing at 0x00046e00... (19 %) 
Writing at 0x00046f00... (19 %) 
Writing at 0x00047000... (20 %) 
Writing at 0x00047100... (20 %) 
Writing at 0x00047200... (20 %) 
Writing at 0x00047300... (20 %) 
Writing at 0x00047400... (20 %) 
Writing at 0x00047500... (20 %) 
Writing at 0x00047600... (21 %) 
Writing at 0x00047700... (21 %) 
Writing at 0x00047800... (21 %) 
Writing at 0x00047900... (21 %) 
Writing at 0x00047a00... (21 %) 
Writing at 0x00047b00... (21 %) 
Writing at 0x00047c00... (22 %) 
Writing at 0x00047d00... (22 %) 
Writing at 0x00047e00... (22 %) 
Writing at 0x00047f00... (22 %) 
Writing at 0x00048000... (22 %) 
Writing at 0x00048100... (23 %) 
Writing at 0x00048200... (23 %) 
Writing at 0x00048300... (23 %) 
Writing at 0x00048400... (23 %) 
Writing at 0x00048500... (23 %) 
Writing at 0x00048600... (23 %) 
Writing at 0x00048700... (24 %) 
Writing at 0x00048800... (24 %) 
Writing at 0x00048900... (24 %) 
Writing at 0x00048a00... (24 %) 
Writing at 0x00048b00... (24 %) 
Writing at 0x00048c00... (25 %) 
Writing at 0x00048d00... (25 %) 
Writing at 0x00048e00... (25 %) 
Writing at 0x00048f00... (25 %) 
Writing at 0x00049000... (25 %) 
Writing at 0x00049100... (25 %) 
Writing at 0x00049200... (26 %) 
Writing at 0x00049300... (26 %) 
Writing at 0x00049400... (26 %) 
Writing at 0x00049500... (26 %) 
Writing at 0x00049600... (26 %) 
Writing at 0x00049700... (26 %) 
Writing at 0x00049800... (27 %) 
Writing at 0x00049900... (27 %) 
Writing at 0x00049a00... (27 %) 
Writing at 0x00049b00... (27 %) 
Writing at 0x00049c00... (27 %) 
Writing at 0x00049d00... (28 %) 
Writing at 0x00049e00... (28 %) 
Writing at 0x00049f00... (28 %) 
Writing at 0x0004a000... (28 %) 
Writing at 0x0004a100... (28 %) 
Writing at 0x0004a200... (28 %) 
Writing at 0x0004a300... (29 %) 
Writing at 0x0004a400... (29 %) 
Writing at 0x0004a500... (29 %) 
Writing at 0x0004a600... (29 %) 
Writing at 0x0004a700... (29 %) 
Writing at 0x0004a800... (29 %) 
Writing at 0x0004a900... (30 %) 
Writing at 0x0004aa00... (30 %) 
Writing at 0x0004ab00... (30 %) 
Writing at 0x0004ac00... (30 %) 
Writing at 0x0004ad00... (30 %) 
Writing at 0x0004ae00... (31 %) 
Writing at 0x0004af00... (31 %) 
Writing at 0x0004b000... (31 %) 
Writing at 0x0004b100... (31 %) 
Writing at 0x0004b200... (31 %) 
Writing at 0x0004b300... (31 %) 
Writing at 0x0004b400... (32 %) 
Writing at 0x0004b500... (32 %) 
Writing at 0x0004b600... (32 %) 
Writing at 0x0004b700... (32 %) 
Writing at 0x0004b800... (32 %) 
Writing at 0x0004b900... (32 %) 
Writing at 0x0004ba00... (33 %) 
Writing at 0x0004bb00... (33 %) 
Writing at 0x0004bc00... (33 %) 
Writing at 0x0004bd00... (33 %) 
Writing at 0x0004be00... (33 %) 
Writing at 0x0004bf00... (34 %) 
Writing at 0x0004c000... (34 %) 
Writing at 0x0004c100... (34 %) 
Writing at 0x0004c200... (34 %) 
Writing at 0x0004c300... (34 %) 
Writing at 0x0004c400... (34 %) 
Writing at 0x0004c500... (35 %) 
Writing at 0x0004c600... (35 %) 
Writing at 0x0004c700... (35 %) 
Writing at 0x0004c800... (35 %) 
Writing at 0x0004c900... (35 %) 
Writing at 0x0004ca00... (35 %) 
Writing at 0x0004cb00... (36 %) 
Writing at 0x0004cc00... (36 %) 
Writing at 0x0004cd00... (36 %) 
Writing at 0x0004ce00... (36 %) 
Writing at 0x0004cf00... (36 %) 
Writing at 0x0004d000... (37 %) 
Writing at 0x0004d100... (37 %) 
Writing at 0x0004d200... (37 %) 
Writing at 0x0004d300... (37 %) 
Writing at 0x0004d400... (37 %) 
Writing at 0x0004d500... (37 %) 
Writing at 0x0004d600... (38 %) 
Writing at 0x0004d700... (38 %) 
Writing at 0x0004d800... (38 %) 
Writing at 0x0004d900... (38 %) 
Writing at 0x0004da00... (38 %) 
Writing at 0x0004db00... (39 %) 
Writing at 0x0004dc00... (39 %) 
Writing at 0x0004dd00... (39 %) 
Writing at 0x0004de00... (39 %) 
Writing at 0x0004df00... (39 %) 
Writing at 0x0004e000... (39 %) 
Writing at 0x0004e100... (40 %) 
Writing at 0x0004e200... (40 %) 
Writing at 0x0004e300... (40 %) 
Writing at 0x0004e400... (40 %) 
Writing at 0x0004e500... (40 %) 
Writing at 0x0004e600... (40 %) 
Writing at 0x0004e700... (41 %) 
Writing at 0x0004e800... (41 %) 
Writing at 0x0004e900... (41 %) 
Writing at 0x0004ea00... (41 %) 
Writing at 0x0004eb00... (41 %) 
Writing at 0x0004ec00... (42 %) 
Writing at 0x0004ed00... (42 %) 
Writing at 0x0004ee00... (42 %) 
Writing at 0x0004ef00... (42 %) 
Writing at 0x0004f000... (42 %) 
Writing at 0x0004f100... (42 %) 
Writing at 0x0004f200... (43 %) 
Writing at 0x0004f300... (43 %) 
Writing at 0x0004f400... (43 %) 
Writing at 0x0004f500... (43 %) 
Writing at 0x0004f600... (43 %) 
Writing at 0x0004f700... (43 %) 
Writing at 0x0004f800... (44 %) 
Writing at 0x0004f900... (44 %) 
Writing at 0x0004fa00... (44 %) 
Writing at 0x0004fb00... (44 %) 
Writing at 0x0004fc00... (44 %) 
Writing at 0x0004fd00... (45 %) 
Writing at 0x0004fe00... (45 %) 
Writing at 0x0004ff00... (45 %) 
Writing at 0x00050000... (45 %) 
Writing at 0x00050100... (45 %) 
Writing at 0x00050200... (45 %) 
Writing at 0x00050300... (46 %) 
Writing at 0x00050400... (46 %) 
Writing at 0x00050500... (46 %) 
Writing at 0x00050600... (46 %) 
Writing at 0x00050700... (46 %) 
Writing at 0x00050800... (46 %) 
Writing at 0x00050900... (47 %) 
Writing at 0x00050a00... (47 %) 
Writing at 0x00050b00... (47 %) 
Writing at 0x00050c00... (47 %) 
Writing at 0x00050d00... (47 %) 
Writing at 0x00050e00... (48 %) 
Writing at 0x00050f00... (48 %) 
Writing at 0x00051000... (48 %) 
Writing at 0x00051100... (48 %) 
Writing at 0x00051200... (48 %) 
Writing at 0x00051300... (48 %) 
Writing at 0x00051400... (49 %) 
Writing at 0x00051500... (49 %) 
Writing at 0x00051600... (49 %) 
Writing at 0x00051700... (49 %) 
Writing at 0x00051800... (49 %) 
Writing at 0x00051900... (50 %) 
Writing at 0x00051a00... (50 %) 
Writing at 0x00051b00... (50 %) 
Writing at 0x00051c00... (50 %) 
Writing at 0x00051d00... (50 %) 
Writing at 0x00051e00... (50 %) 
Writing at 0x00051f00... (51 %) 
Writing at 0x00052000... (51 %) 
Writing at 0x00052100... (51 %) 
Writing at 0x00052200... (51 %) 
Writing at 0x00052300... (51 %) 
Writing at 0x00052400... (51 %) 
Writing at 0x00052500... (52 %) 
Writing at 0x00052600... (52 %) 
Writing at 0x00052700... (52 %) 
Writing at 0x00052800... (52 %) 
Writing at 0x00052900... (52 %) 
Writing at 0x00052a00... (53 %) 
Writing at 0x00052b00... (53 %) 
Writing at 0x00052c00... (53 %) 
Writing at 0x00052d00... (53 %) 
Writing at 0x00052e00... (53 %) 
Writing at 0x00052f00... (53 %) 
Writing at 0x00053000... (54 %) 
Writing at 0x00053100... (54 %) 
Writing at 0x00053200... (54 %) 
Writing at 0x00053300... (54 %) 
Writing at 0x00053400... (54 %) 
Writing at 0x00053500... (54 %) 
Writing at 0x00053600... (55 %) 
Writing at 0x00053700... (55 %) 
Writing at 0x00053800... (55 %) 
Writing at 0x00053900... (55 %) 
Writing at 0x00053a00... (55 %) 
Writing at 0x00053b00... (56 %) 
Writing at 0x00053c00... (56 %) 
Writing at 0x00053d00... (56 %) 
Writing at 0x00053e00... (56 %) 
Writing at 0x00053f00... (56 %) 
Writing at 0x00054000... (56 %) 
Writing at 0x00054100... (57 %) 
Writing at 0x00054200... (57 %) 
Writing at 0x00054300... (57 %) 
Writing at 0x00054400... (57 %) 
Writing at 0x00054500... (57 %) 
Writing at 0x00054600... (57 %) 
Writing at 0x00054700... (58 %) 
Writing at 0x00054800... (58 %) 
Writing at 0x00054900... (58 %) 
Writing at 0x00054a00... (58 %) 
Writing at 0x00054b00... (58 %) 
Writing at 0x00054c00... (59 %) 
Writing at 0x00054d00... (59 %) 
Writing at 0x00054e00... (59 %) 
Writing at 0x00054f00... (59 %) 
Writing at 0x00055000... (59 %) 
Writing at 0x00055100... (59 %) 
Writing at 0x00055200... (60 %) 
Writing at 0x00055300... (60 %) 
Writing at 0x00055400... (60 %) 
Writing at 0x00055500... (60 %) 
Writing at 0x00055600... (60 %) 
Writing at 0x00055700... (60 %) 
Writing at 0x00055800... (61 %) 
Writing at 0x00055900... (61 %) 
Writing at 0x00055a00... (61 %) 
Writing at 0x00055b00... (61 %) 
Writing at 0x00055c00... (61 %) 
Writing at 0x00055d00... (62 %) 
Writing at 0x00055e00... (62 %) 
Writing at 0x00055f00... (62 %) 
Writing at 0x00056000... (62 %) 
Writing at 0x00056100... (62 %) 
Writing at 0x00056200... (62 %) 
Writing at 0x00056300... (63 %) 
Writing at 0x00056400... (63 %) 
Writing at 0x00056500... (63 %) 
Writing at 0x00056600... (63 %) 
Writing at 0x00056700... (63 %) 
Writing at 0x00056800... (64 %) 
Writing at 0x00056900... (64 %) 
Writing at 0x00056a00... (64 %) 
Writing at 0x00056b00... (64 %) 
Writing at 0x00056c00... (64 %) 
Writing at 0x00056d00... (64 %) 
Writing at 0x00056e00... (65 %) 
Writing at 0x00056f00... (65 %) 
Writing at 0x00057000... (65 %) 
Writing at 0x00057100... (65 %) 
Writing at 0x00057200... (65 %) 
Writing at 0x00057300... (65 %) 
Writing at 0x00057400... (66 %) 
Writing at 0x00057500... (66 %) 
Writing at 0x00057600... (66 %) 
Writing at 0x00057700... (66 %) 
Writing at 0x00057800... (66 %) 
Writing at 0x00057900... (67 %) 
Writing at 0x00057a00... (67 %) 
Writing at 0x00057b00... (67 %) 
Writing at 0x00057c00... (67 %) 
Writing at 0x00057d00... (67 %) 
Writing at 0x00057e00... (67 %) 
Writing at 0x00057f00... (68 %) 
Writing at 0x00058000... (68 %) 
Writing at 0x00058100... (68 %) 
Writing at 0x00058200... (68 %) 
Writing at 0x00058300... (68 %) 
Writing at 0x00058400... (68 %) 
Writing at 0x00058500... (69 %) 
Writing at 0x00058600... (69 %) 
Writing at 0x00058700... (69 %) 
Writing at 0x00058800... (69 %) 
Writing at 0x00058900... (69 %) 
Writing at 0x00058a00... (70 %) 
Writing at 0x00058b00... (70 %) 
Writing at 0x00058c00... (70 %) 
Writing at 0x00058d00... (70 %) 
Writing at 0x00058e00... (70 %) 
Writing at 0x00058f00... (70 %) 
Writing at 0x00059000... (71 %) 
Writing at 0x00059100... (71 %) 
Writing at 0x00059200... (71 %) 
Writing at 0x00059300... (71 %) 
Writing at 0x00059400... (71 %) 
Writing at 0x00059500... (71 %) 
Writing at 0x00059600... (72 %) 
Writing at 0x00059700... (72 %) 
Writing at 0x00059800... (72 %) 
Writing at 0x00059900... (72 %) 
Writing at 0x00059a00... (72 %) 
Writing at 0x00059b00... (73 %) 
Writing at 0x00059c00... (73 %) 
Writing at 0x00059d00... (73 %) 
Writing at 0x00059e00... (73 %) 
Writing at 0x00059f00... (73 %) 
Writing at 0x0005a000... (73 %) 
Writing at 0x0005a100... (74 %) 
Writing at 0x0005a200... (74 %) 
Writing at 0x0005a300... (74 %) 
Writing at 0x0005a400... (74 %) 
Writing at 0x0005a500... (74 %) 
Writing at 0x0005a600... (75 %) 
Writing at 0x0005a700... (75 %) 
Writing at 0x0005a800... (75 %) 
Writing at 0x0005a900... (75 %) 
Writing at 0x0005aa00... (75 %) 
Writing at 0x0005ab00... (75 %) 
Writing at 0x0005ac00... (76 %) 
Writing at 0x0005ad00... (76 %) 
Writing at 0x0005ae00... (76 %) 
Writing at 0x0005af00... (76 %) 
Writing at 0x0005b000... (76 %) 
Writing at 0x0005b100... (76 %) 
Writing at 0x0005b200... (77 %) 
Writing at 0x0005b300... (77 %) 
Writing at 0x0005b400... (77 %) 
Writing at 0x0005b500... (77 %) 
Writing at 0x0005b600... (77 %) 
Writing at 0x0005b700... (78 %) 
Writing at 0x0005b800... (78 %) 
Writing at 0x0005b900... (78 %) 
Writing at 0x0005ba00... (78 %) 
Writing at 0x0005bb00... (78 %) 
Writing at 0x0005bc00... (78 %) 
Writing at 0x0005bd00... (79 %) 
Writing at 0x0005be00... (79 %) 
Writing at 0x0005bf00... (79 %) 
Writing at 0x0005c000... (79 %) 
Writing at 0x0005c100... (79 %) 
Writing at 0x0005c200... (79 %) 
Writing at 0x0005c300... (80 %) 
Writing at 0x0005c400... (80 %) 
Writing at 0x0005c500... (80 %) 
Writing at 0x0005c600... (80 %) 
Writing at 0x0005c700... (80 %) 
Writing at 0x0005c800... (81 %) 
Writing at 0x0005c900... (81 %) 
Writing at 0x0005ca00... (81 %) 
Writing at 0x0005cb00... (81 %) 
Writing at 0x0005cc00... (81 %) 
Writing at 0x0005cd00... (81 %) 
Writing at 0x0005ce00... (82 %) 
Writing at 0x0005cf00... (82 %) 
Writing at 0x0005d000... (82 %) 
Writing at 0x0005d100... (82 %) 
Writing at 0x0005d200... (82 %) 
Writing at 0x0005d300... (82 %) 
Writing at 0x0005d400... (83 %) 
Writing at 0x0005d500... (83 %) 
Writing at 0x0005d600... (83 %) 
Writing at 0x0005d700... (83 %) 
Writing at 0x0005d800... (83 %) 
Writing at 0x0005d900... (84 %) 
Writing at 0x0005da00... (84 %) 
Writing at 0x0005db00... (84 %) 
Writing at 0x0005dc00... (84 %) 
Writing at 0x0005dd00... (84 %) 
Writing at 0x0005de00... (84 %) 
Writing at 0x0005df00... (85 %) 
Writing at 0x0005e000... (85 %) 
Writing at 0x0005e100... (85 %) 
Writing at 0x0005e200... (85 %) 
Writing at 0x0005e300... (85 %) 
Writing at 0x0005e400... (85 %) 
Writing at 0x0005e500... (86 %) 
Writing at 0x0005e600... (86 %) 
Writing at 0x0005e700... (86 %) 
Writing at 0x0005e800... (86 %) 
Writing at 0x0005e900... (86 %) 
Writing at 0x0005ea00... (87 %) 
Writing at 0x0005eb00... (87 %) 
Writing at 0x0005ec00... (87 %) 
Writing at 0x0005ed00... (87 %) 
Writing at 0x0005ee00... (87 %) 
Writing at 0x0005ef00... (87 %) 
Writing at 0x0005f000... (88 %) 
Writing at 0x0005f100... (88 %) 
Writing at 0x0005f200... (88 %) 
Writing at 0x0005f300... (88 %) 
Writing at 0x0005f400... (88 %) 
Writing at 0x0005f500... (89 %) 
Writing at 0x0005f600... (89 %) 
Writing at 0x0005f700... (89 %) 
Writing at 0x0005f800... (89 %) 
Writing at 0x0005f900... (89 %) 
Writing at 0x0005fa00... (89 %) 
Writing at 0x0005fb00... (90 %) 
Writing at 0x0005fc00... (90 %) 
Writing at 0x0005fd00... (90 %) 
Writing at 0x0005fe00... (90 %) 
Writing at 0x0005ff00... (90 %) 
Writing at 0x00060000... (90 %) 
Writing at 0x00060100... (91 %) 
Writing at 0x00060200... (91 %) 
Writing at 0x00060300... (91 %) 
Writing at 0x00060400... (91 %) 
Writing at 0x00060500... (91 %) 
Writing at 0x00060600... (92 %) 
Writing at 0x00060700... (92 %) 
Writing at 0x00060800... (92 %) 
Writing at 0x00060900... (92 %) 
Writing at 0x00060a00... (92 %) 
Writing at 0x00060b00... (92 %) 
Writing at 0x00060c00... (93 %) 
Writing at 0x00060d00... (93 %) 
Writing at 0x00060e00... (93 %) 
Writing at 0x00060f00... (93 %) 
Writing at 0x00061000... (93 %) 
Writing at 0x00061100... (93 %) 
Writing at 0x00061200... (94 %) 
Writing at 0x00061300... (94 %) 
Writing at 0x00061400... (94 %) 
Writing at 0x00061500... (94 %) 
Writing at 0x00061600... (94 %) 
Writing at 0x00061700... (95 %) 
Writing at 0x00061800... (95 %) 
Writing at 0x00061900... (95 %) 
Writing at 0x00061a00... (95 %) 
Writing at 0x00061b00... (95 %) 
Writing at 0x00061c00... (95 %) 
Writing at 0x00061d00... (96 %) 
Writing at 0x00061e00... (96 %) 
Writing at 0x00061f00... (96 %) 
Writing at 0x00062000... (96 %) 
Writing at 0x00062100... (96 %) 
Writing at 0x00062200... (96 %) 
Writing at 0x00062300... (97 %) 
Writing at 0x00062400... (97 %) 
Writing at 0x00062500... (97 %) 
Writing at 0x00062600... (97 %) 
Writing at 0x00062700... (97 %) 
Writing at 0x00062800... (98 %) 
Writing at 0x00062900... (98 %) 
Writing at 0x00062a00... (98 %) 
Writing at 0x00062b00... (98 %) 
Writing at 0x00062c00... (98 %) 
Writing at 0x00062d00... (98 %) 
Writing at 0x00062e00... (99 %) 
Writing at 0x00062f00... (99 %) 
Writing at 0x00063000... (99 %) 
Writing at 0x00063100... (99 %) 
Writing at 0x00063200... (99 %) 
Writing at 0x00063300... (100 %)

Leaving...

17:09:47 Build Finished (took 25s.228ms)

